[12-Oct-2023 20:38:41 UTC] PHP Parse error:  syntax error, unexpected token "}", expecting "," or ";" in /Users/michaelwiss/Local Sites/the-fictional-university/app/public/wp-content/themes/Fictional-University-Theme/index.php on line 4
[13-Oct-2023 17:28:59 UTC] PHP Fatal error:  Uncaught Error: Undefined constant "the_title" in /Users/michaelwiss/Local Sites/the-fictional-university/app/public/wp-content/themes/Fictional-University-Theme/index.php:5
Stack trace:
#0 /Users/michaelwiss/Local Sites/the-fictional-university/app/public/wp-includes/template-loader.php(106): include()
#1 /Users/michaelwiss/Local Sites/the-fictional-university/app/public/wp-blog-header.php(19): require_once('/Users/michaelw...')
#2 /Users/michaelwiss/Local Sites/the-fictional-university/app/public/index.php(17): require('/Users/michaelw...')
#3 {main}
  thrown in /Users/michaelwiss/Local Sites/the-fictional-university/app/public/wp-content/themes/Fictional-University-Theme/index.php on line 5
[13-Oct-2023 20:02:43 UTC] PHP Warning:  Attempt to read property "title" on null in /Users/michaelwiss/Local Sites/the-fictional-university/app/public/wp-includes/class-wp-customize-widgets.php on line 905
[14-Oct-2023 00:15:31 UTC] WordPress database error Server shutdown in progress for query SELECT option_value FROM wp_options WHERE option_name = '_transient_timeout_doing_cron' LIMIT 1 made by include('phar:///Applications/Local.app/Contents/Resources/extraResources/bin/wp-cli/wp-cli.phar/php/boot-phar.php'), include('phar:///Applications/Local.app/Contents/Resources/extraResources/bin/wp-cli/wp-cli.phar/vendor/wp-cli/wp-cli/php/wp-cli.php'), WP_CLI\bootstrap, WP_CLI\Bootstrap\LaunchRunner->process, WP_CLI\Runner->start, WP_CLI\Runner->do_early_invoke, WP_CLI\Runner->run_command_and_exit, WP_CLI\Runner->run_command, WP_CLI\Dispatcher\Subcommand->invoke, call_user_func, WP_CLI\Dispatcher\CommandFactory::WP_CLI\Dispatcher\{closure}, call_user_func, Eval_Command->__invoke, WP_CLI\Runner->load_wordpress, require('wp-settings.php'), do_action('wp_loaded'), WP_Hook->do_action, WP_Hook->apply_filters, _wp_cron, spawn_cron, get_transient, get_option
[14-Oct-2023 18:06:43 UTC] PHP Warning:  Attempt to read property "title" on null in /Users/michaelwiss/Local Sites/the-fictional-university/app/public/wp-includes/class-wp-customize-widgets.php on line 905
[14-Oct-2023 18:55:00 UTC] PHP Parse error:  syntax error, unexpected single-quoted string "style.css", expecting ")" in /Users/michaelwiss/Local Sites/the-fictional-university/app/public/wp-content/themes/Fictional-University-Theme/functions.php on line 4
[14-Oct-2023 20:43:38 UTC] PHP Parse error:  Unmatched '}' in /Users/michaelwiss/Local Sites/the-fictional-university/app/public/wp-content/themes/Fictional-University-Theme/functions.php on line 8
[17-Oct-2023 19:35:28 UTC] PHP Parse error:  syntax error, unexpected token "<<", expecting end of file in /Users/michaelwiss/Local Sites/the-fictional-university/app/public/wp-config.php on line 52
[17-Oct-2023 19:35:35 UTC] PHP Parse error:  syntax error, unexpected token "<<", expecting end of file in /Users/michaelwiss/Local Sites/the-fictional-university/app/public/wp-config.php on line 52
[17-Oct-2023 19:35:37 UTC] PHP Parse error:  syntax error, unexpected token "<<", expecting end of file in /Users/michaelwiss/Local Sites/the-fictional-university/app/public/wp-config.php on line 52
[17-Oct-2023 19:35:41 UTC] PHP Parse error:  syntax error, unexpected token "<<", expecting end of file in /Users/michaelwiss/Local Sites/the-fictional-university/app/public/wp-config.php on line 52
[17-Oct-2023 19:36:49 UTC] PHP Parse error:  syntax error, unexpected token ">>", expecting end of file in /Users/michaelwiss/Local Sites/the-fictional-university/app/public/wp-config.php on line 72
[19-Oct-2023 20:40:53 UTC] PHP Parse error:  Unmatched '}' in /Users/michaelwiss/Local Sites/the-fictional-university/app/public/wp-content/themes/The_Fictional_University/page.php on line 50
[24-Oct-2023 20:11:22 UTC] PHP Parse error:  syntax error, unexpected token ":" in /Users/michaelwiss/Local Sites/the-fictional-university/app/public/wp-content/themes/The_Fictional_University/page.php on line 38
[24-Oct-2023 20:38:08 UTC] PHP Parse error:  syntax error, unexpected token ";" in /Users/michaelwiss/Local Sites/the-fictional-university/app/public/wp-content/themes/The_Fictional_University/page.php on line 40
[24-Oct-2023 20:38:53 UTC] PHP Parse error:  syntax error, unexpected token ";" in /Users/michaelwiss/Local Sites/the-fictional-university/app/public/wp-content/themes/The_Fictional_University/page.php on line 40
[24-Oct-2023 20:39:10 UTC] PHP Parse error:  syntax error, unexpected token "else" in /Users/michaelwiss/Local Sites/the-fictional-university/app/public/wp-content/themes/The_Fictional_University/page.php on line 41
[04-Jan-2024 21:20:34 UTC] PHP Fatal error:  Uncaught Error: Call to undefined function the_exerpt() in /Users/michaelwiss/Local Sites/the-fictional-university/app/public/wp-content/themes/The_Fictional_University/index.php:28
Stack trace:
#0 /Users/michaelwiss/Local Sites/the-fictional-university/app/public/wp-includes/template-loader.php(106): include()
#1 /Users/michaelwiss/Local Sites/the-fictional-university/app/public/wp-blog-header.php(19): require_once('/Users/michaelw...')
#2 /Users/michaelwiss/Local Sites/the-fictional-university/app/public/index.php(17): require('/Users/michaelw...')
#3 {main}
  thrown in /Users/michaelwiss/Local Sites/the-fictional-university/app/public/wp-content/themes/The_Fictional_University/index.php on line 28
[04-Jan-2024 22:30:01 UTC] PHP Parse error:  syntax error, unexpected floating-point number "1.4" in /Users/michaelwiss/Local Sites/the-fictional-university/app/public/wp-content/themes/The_Fictional_University/index.php on line 25
