<<<<<<< HEAD
[17-Oct-2023 12:56:56] NOTICE: fpm is running, pid 4492
[17-Oct-2023 12:56:56] NOTICE: ready to handle connections
=======
[12-Oct-2023 14:31:50] NOTICE: fpm is running, pid 96860
[12-Oct-2023 14:31:50] NOTICE: ready to handle connections
[13-Oct-2023 14:27:26] NOTICE: Terminating ...
[13-Oct-2023 14:27:26] NOTICE: Terminating ...
[13-Oct-2023 14:27:26] NOTICE: exiting, bye-bye!
[13-Oct-2023 14:27:32] NOTICE: fpm is running, pid 32465
[13-Oct-2023 14:27:32] NOTICE: ready to handle connections
[13-Oct-2023 15:02:56] NOTICE: Terminating ...
[13-Oct-2023 15:02:56] NOTICE: Terminating ...
[13-Oct-2023 15:02:56] NOTICE: exiting, bye-bye!
[13-Oct-2023 15:03:05] NOTICE: fpm is running, pid 37440
[13-Oct-2023 15:03:05] NOTICE: ready to handle connections
[13-Oct-2023 15:17:54] NOTICE: Terminating ...
[13-Oct-2023 15:17:54] NOTICE: Terminating ...
[13-Oct-2023 15:17:54] NOTICE: exiting, bye-bye!
[13-Oct-2023 15:18:23] NOTICE: fpm is running, pid 39893
[13-Oct-2023 15:18:23] NOTICE: ready to handle connections
[13-Oct-2023 16:12:58] NOTICE: Terminating ...
[13-Oct-2023 16:12:58] NOTICE: Terminating ...
[13-Oct-2023 16:12:58] NOTICE: exiting, bye-bye!
[13-Oct-2023 17:48:56] NOTICE: fpm is running, pid 63646
[13-Oct-2023 17:48:56] NOTICE: ready to handle connections
[13-Oct-2023 17:49:12] NOTICE: Terminating ...
[13-Oct-2023 17:49:12] NOTICE: Terminating ...
[13-Oct-2023 17:49:12] NOTICE: exiting, bye-bye!
[13-Oct-2023 19:15:27] NOTICE: fpm is running, pid 77242
[13-Oct-2023 19:15:27] NOTICE: ready to handle connections
[13-Oct-2023 19:15:31] NOTICE: Terminating ...
[13-Oct-2023 19:15:31] NOTICE: Terminating ...
[13-Oct-2023 19:15:31] NOTICE: exiting, bye-bye!
[14-Oct-2023 12:23:27] NOTICE: fpm is running, pid 39432
[14-Oct-2023 12:23:27] NOTICE: ready to handle connections
[14-Oct-2023 13:20:09] NOTICE: Terminating ...
[14-Oct-2023 13:20:09] NOTICE: Terminating ...
[14-Oct-2023 13:20:09] NOTICE: exiting, bye-bye!
[14-Oct-2023 13:20:12] NOTICE: fpm is running, pid 42495
[14-Oct-2023 13:20:12] NOTICE: ready to handle connections
[14-Oct-2023 14:15:10] NOTICE: Terminating ...
[14-Oct-2023 14:15:10] NOTICE: Terminating ...
[14-Oct-2023 14:15:10] NOTICE: exiting, bye-bye!
[14-Oct-2023 14:15:12] NOTICE: fpm is running, pid 45075
[14-Oct-2023 14:15:12] NOTICE: ready to handle connections
[14-Oct-2023 15:04:34] NOTICE: Terminating ...
[14-Oct-2023 15:04:34] NOTICE: Terminating ...
[14-Oct-2023 15:04:34] NOTICE: exiting, bye-bye!
[14-Oct-2023 15:04:37] NOTICE: fpm is running, pid 47681
[14-Oct-2023 15:04:37] NOTICE: ready to handle connections
>>>>>>> 0ccf52589f1352bdaa9fdb528ac13815e8e0e391
[19-Oct-2023 14:47:27] NOTICE: fpm is running, pid 59767
[19-Oct-2023 14:47:27] NOTICE: ready to handle connections
[21-Oct-2023 15:00:56] NOTICE: Terminating ...
[21-Oct-2023 15:00:56] NOTICE: Terminating ...
[21-Oct-2023 15:00:56] NOTICE: exiting, bye-bye!
[24-Oct-2023 14:56:51] NOTICE: fpm is running, pid 6133
[24-Oct-2023 14:56:51] NOTICE: ready to handle connections
[27-Oct-2023 13:01:06] NOTICE: Terminating ...
[27-Oct-2023 13:01:06] NOTICE: Terminating ...
[27-Oct-2023 13:01:06] NOTICE: exiting, bye-bye!
[06-Nov-2023 16:09:26] NOTICE: fpm is running, pid 69087
[06-Nov-2023 16:09:26] NOTICE: ready to handle connections
[08-Nov-2023 10:09:53] NOTICE: Terminating ...
[08-Nov-2023 10:09:53] NOTICE: Terminating ...
[08-Nov-2023 10:09:53] NOTICE: exiting, bye-bye!
[03-Jan-2024 14:58:18] NOTICE: fpm is running, pid 32130
[03-Jan-2024 14:58:18] NOTICE: ready to handle connections
[04-Jan-2024 14:20:46] NOTICE: Terminating ...
[04-Jan-2024 14:20:46] NOTICE: Terminating ...
[04-Jan-2024 14:20:46] NOTICE: exiting, bye-bye!
[04-Jan-2024 14:20:50] NOTICE: fpm is running, pid 69832
[04-Jan-2024 14:20:50] NOTICE: ready to handle connections
[07-Jan-2024 11:32:18] NOTICE: Terminating ...
[07-Jan-2024 11:32:18] NOTICE: Terminating ...
[07-Jan-2024 11:32:18] NOTICE: exiting, bye-bye!
[09-Jan-2024 15:28:56] NOTICE: fpm is running, pid 50631
[09-Jan-2024 15:28:56] NOTICE: ready to handle connections
[15-Jan-2024 11:56:51] NOTICE: Terminating ...
[15-Jan-2024 11:56:51] NOTICE: Terminating ...
[15-Jan-2024 11:56:51] NOTICE: exiting, bye-bye!
[16-Jan-2024 15:35:26] NOTICE: fpm is running, pid 16739
[16-Jan-2024 15:35:26] NOTICE: ready to handle connections
[19-Jan-2024 18:01:16] NOTICE: Terminating ...
[19-Jan-2024 18:01:16] NOTICE: Terminating ...
[19-Jan-2024 18:01:16] NOTICE: exiting, bye-bye!
[19-Jan-2024 18:01:21] NOTICE: fpm is running, pid 62977
[19-Jan-2024 18:01:21] NOTICE: ready to handle connections
[20-Jan-2024 12:30:01] NOTICE: Terminating ...
[20-Jan-2024 12:30:01] NOTICE: Terminating ...
[20-Jan-2024 12:30:01] NOTICE: exiting, bye-bye!
[22-Jan-2024 17:44:41] NOTICE: fpm is running, pid 53837
[22-Jan-2024 17:44:41] NOTICE: ready to handle connections
[26-Jan-2024 14:24:16] NOTICE: Terminating ...
[26-Jan-2024 14:24:16] NOTICE: Terminating ...
[26-Jan-2024 14:24:16] NOTICE: exiting, bye-bye!
[26-Jan-2024 15:38:43] NOTICE: fpm is running, pid 4435
[26-Jan-2024 15:38:43] NOTICE: ready to handle connections
